\BOOKMARK [0][-]{chapter.1}{\376\377\0001\000\040\000H\000i\000e\000r\000a\000r\000c\000h\000i\000c\000a\000l\000\040\000I\000n\000d\000e\000x}{}% 1
\BOOKMARK [1][-]{section.1.1}{\376\377\0001\000.\0001\000\040\000C\000l\000a\000s\000s\000\040\000H\000i\000e\000r\000a\000r\000c\000h\000y}{chapter.1}% 2
\BOOKMARK [0][-]{chapter.2}{\376\377\0002\000\040\000C\000l\000a\000s\000s\000\040\000I\000n\000d\000e\000x}{}% 3
\BOOKMARK [1][-]{section.2.1}{\376\377\0002\000.\0001\000\040\000C\000l\000a\000s\000s\000\040\000L\000i\000s\000t}{chapter.2}% 4
\BOOKMARK [0][-]{chapter.3}{\376\377\0003\000\040\000C\000l\000a\000s\000s\000\040\000D\000o\000c\000u\000m\000e\000n\000t\000a\000t\000i\000o\000n}{}% 5
\BOOKMARK [1][-]{section.3.1}{\376\377\0003\000.\0001\000\040\000c\000o\000m\000.\000d\000a\000r\000.\000f\000r\000e\000s\000h\000m\000a\000z\000e\000.\000l\000e\000v\000e\000l\000.\000t\000i\000l\000e\000m\000a\000p\000.\000r\000o\000o\000m\000s\000.\000B\000a\000t\000t\000l\000e\000L\000e\000v\000e\000l\000R\000o\000o\000m\000\040\000C\000l\000a\000s\000s\000\040\000R\000e\000f\000e\000r\000e\000n\000c\000e}{chapter.3}% 6
\BOOKMARK [2][-]{subsection.3.1.1}{\376\377\0003\000.\0001\000.\0001\000\040\000D\000e\000t\000a\000i\000l\000e\000d\000\040\000D\000e\000s\000c\000r\000i\000p\000t\000i\000o\000n}{section.3.1}% 7
\BOOKMARK [2][-]{subsection.3.1.2}{\376\377\0003\000.\0001\000.\0002\000\040\000M\000e\000m\000b\000e\000r\000\040\000F\000u\000n\000c\000t\000i\000o\000n\000\040\000D\000o\000c\000u\000m\000e\000n\000t\000a\000t\000i\000o\000n}{section.3.1}% 8
\BOOKMARK [3][-]{subsubsection.3.1.2.1}{\376\377\0003\000.\0001\000.\0002\000.\0001\000\040\000a\000c\000t\000\050\000\051}{subsection.3.1.2}% 9
\BOOKMARK [3][-]{subsubsection.3.1.2.2}{\376\377\0003\000.\0001\000.\0002\000.\0002\000\040\000a\000d\000d\000E\000n\000t\000r\000a\000n\000c\000e\000\050\000\051}{subsection.3.1.2}% 10
\BOOKMARK [3][-]{subsubsection.3.1.2.3}{\376\377\0003\000.\0001\000.\0002\000.\0003\000\040\000o\000n\000D\000e\000s\000t\000r\000o\000y\000\050\000\051}{subsection.3.1.2}% 11
\BOOKMARK [3][-]{subsubsection.3.1.2.4}{\376\377\0003\000.\0001\000.\0002\000.\0004\000\040\000o\000n\000P\000l\000a\000y\000e\000r\000E\000n\000t\000e\000r\000\050\000\051}{subsection.3.1.2}% 12
\BOOKMARK [1][-]{section.3.2}{\376\377\0003\000.\0002\000\040\000c\000o\000m\000.\000d\000a\000r\000.\000f\000r\000e\000s\000h\000m\000a\000z\000e\000.\000e\000n\000t\000i\000t\000i\000e\000s\000.\000B\000o\000b\000\040\000C\000l\000a\000s\000s\000\040\000R\000e\000f\000e\000r\000e\000n\000c\000e}{chapter.3}% 13
\BOOKMARK [2][-]{subsection.3.2.1}{\376\377\0003\000.\0002\000.\0001\000\040\000D\000e\000t\000a\000i\000l\000e\000d\000\040\000D\000e\000s\000c\000r\000i\000p\000t\000i\000o\000n}{section.3.2}% 14
\BOOKMARK [2][-]{subsection.3.2.2}{\376\377\0003\000.\0002\000.\0002\000\040\000M\000e\000m\000b\000e\000r\000\040\000F\000u\000n\000c\000t\000i\000o\000n\000\040\000D\000o\000c\000u\000m\000e\000n\000t\000a\000t\000i\000o\000n}{section.3.2}% 15
\BOOKMARK [3][-]{subsubsection.3.2.2.1}{\376\377\0003\000.\0002\000.\0002\000.\0001\000\040\000a\000c\000t\000\050\000\051}{subsection.3.2.2}% 16
\BOOKMARK [3][-]{subsubsection.3.2.2.2}{\376\377\0003\000.\0002\000.\0002\000.\0002\000\040\000d\000a\000m\000a\000g\000e\000\050\000\051}{subsection.3.2.2}% 17
\BOOKMARK [3][-]{subsubsection.3.2.2.3}{\376\377\0003\000.\0002\000.\0002\000.\0003\000\040\000d\000r\000a\000w\000\050\000\051}{subsection.3.2.2}% 18
\BOOKMARK [3][-]{subsubsection.3.2.2.4}{\376\377\0003\000.\0002\000.\0002\000.\0004\000\040\000g\000e\000t\000A\000t\000t\000a\000c\000k\000T\000i\000m\000e\000L\000e\000f\000t\000\050\000\051}{subsection.3.2.2}% 19
\BOOKMARK [3][-]{subsubsection.3.2.2.5}{\376\377\0003\000.\0002\000.\0002\000.\0005\000\040\000h\000e\000a\000l\000\050\000\051}{subsection.3.2.2}% 20
\BOOKMARK [3][-]{subsubsection.3.2.2.6}{\376\377\0003\000.\0002\000.\0002\000.\0006\000\040\000i\000n\000c\000r\000e\000a\000s\000e\000A\000t\000t\000a\000c\000k\000S\000p\000e\000e\000d\000\050\000\051}{subsection.3.2.2}% 21
\BOOKMARK [1][-]{section.3.3}{\376\377\0003\000.\0003\000\040\000c\000o\000m\000.\000d\000a\000r\000.\000f\000r\000e\000s\000h\000m\000a\000z\000e\000.\000l\000e\000v\000e\000l\000.\000t\000i\000l\000e\000m\000a\000p\000.\000t\000i\000l\000e\000s\000.\000C\000h\000e\000s\000t\000T\000i\000l\000e\000\040\000C\000l\000a\000s\000s\000\040\000R\000e\000f\000e\000r\000e\000n\000c\000e}{chapter.3}% 22
\BOOKMARK [2][-]{subsection.3.3.1}{\376\377\0003\000.\0003\000.\0001\000\040\000M\000e\000m\000b\000e\000r\000\040\000F\000u\000n\000c\000t\000i\000o\000n\000\040\000D\000o\000c\000u\000m\000e\000n\000t\000a\000t\000i\000o\000n}{section.3.3}% 23
\BOOKMARK [3][-]{subsubsection.3.3.1.1}{\376\377\0003\000.\0003\000.\0001\000.\0001\000\040\000i\000n\000t\000e\000r\000a\000c\000t\000\050\000\051}{subsection.3.3.1}% 24
\BOOKMARK [1][-]{section.3.4}{\376\377\0003\000.\0004\000\040\000c\000o\000m\000.\000d\000a\000r\000.\000f\000r\000e\000s\000h\000m\000a\000z\000e\000.\000g\000r\000a\000p\000h\000i\000c\000s\000.\000D\000e\000p\000t\000h\000S\000o\000r\000t\000e\000d\000S\000t\000a\000g\000e\000\040\000C\000l\000a\000s\000s\000\040\000R\000e\000f\000e\000r\000e\000n\000c\000e}{chapter.3}% 25
\BOOKMARK [2][-]{subsection.3.4.1}{\376\377\0003\000.\0004\000.\0001\000\040\000D\000e\000t\000a\000i\000l\000e\000d\000\040\000D\000e\000s\000c\000r\000i\000p\000t\000i\000o\000n}{section.3.4}% 26
\BOOKMARK [2][-]{subsection.3.4.2}{\376\377\0003\000.\0004\000.\0002\000\040\000C\000o\000n\000s\000t\000r\000u\000c\000t\000o\000r\000\040\000\046\000\040\000D\000e\000s\000t\000r\000u\000c\000t\000o\000r\000\040\000D\000o\000c\000u\000m\000e\000n\000t\000a\000t\000i\000o\000n}{section.3.4}% 27
\BOOKMARK [3][-]{subsubsection.3.4.2.1}{\376\377\0003\000.\0004\000.\0002\000.\0001\000\040\000D\000e\000p\000t\000h\000S\000o\000r\000t\000e\000d\000S\000t\000a\000g\000e\000\050\000\051\000\040\000[\0001\000/\0002\000]}{subsection.3.4.2}% 28
\BOOKMARK [3][-]{subsubsection.3.4.2.2}{\376\377\0003\000.\0004\000.\0002\000.\0002\000\040\000D\000e\000p\000t\000h\000S\000o\000r\000t\000e\000d\000S\000t\000a\000g\000e\000\050\000\051\000\040\000[\0002\000/\0002\000]}{subsection.3.4.2}% 29
\BOOKMARK [1][-]{section.3.5}{\376\377\0003\000.\0005\000\040\000c\000o\000m\000.\000d\000a\000r\000.\000f\000r\000e\000s\000h\000m\000a\000z\000e\000.\000l\000e\000v\000e\000l\000.\000D\000u\000n\000g\000e\000o\000n\000\040\000C\000l\000a\000s\000s\000\040\000R\000e\000f\000e\000r\000e\000n\000c\000e}{chapter.3}% 30
\BOOKMARK [1][-]{section.3.6}{\376\377\0003\000.\0006\000\040\000c\000o\000m\000.\000d\000a\000r\000.\000f\000r\000e\000s\000h\000m\000a\000z\000e\000.\000l\000e\000v\000e\000l\000.\000t\000i\000l\000e\000m\000a\000p\000.\000t\000i\000l\000e\000s\000.\000D\000y\000n\000a\000m\000i\000c\000I\000n\000t\000e\000r\000a\000c\000t\000a\000b\000l\000e\000T\000i\000l\000e\000\040\000C\000l\000a\000s\000s\000\040\000R\000e\000f\000e\000r\000e\000n\000c\000e}{chapter.3}% 31
\BOOKMARK [1][-]{section.3.7}{\376\377\0003\000.\0007\000\040\000c\000o\000m\000.\000d\000a\000r\000.\000f\000r\000e\000s\000h\000m\000a\000z\000e\000.\000l\000e\000v\000e\000l\000.\000t\000i\000l\000e\000m\000a\000p\000.\000t\000i\000l\000e\000s\000.\000D\000y\000n\000a\000m\000i\000c\000T\000i\000l\000e\000\040\000C\000l\000a\000s\000s\000\040\000R\000e\000f\000e\000r\000e\000n\000c\000e}{chapter.3}% 32
\BOOKMARK [1][-]{section.3.8}{\376\377\0003\000.\0008\000\040\000c\000o\000m\000.\000d\000a\000r\000.\000f\000r\000e\000s\000h\000m\000a\000z\000e\000.\000e\000n\000t\000i\000t\000i\000e\000s\000.\000E\000n\000e\000m\000y\000\040\000C\000l\000a\000s\000s\000\040\000R\000e\000f\000e\000r\000e\000n\000c\000e}{chapter.3}% 33
\BOOKMARK [2][-]{subsection.3.8.1}{\376\377\0003\000.\0008\000.\0001\000\040\000M\000e\000m\000b\000e\000r\000\040\000F\000u\000n\000c\000t\000i\000o\000n\000\040\000D\000o\000c\000u\000m\000e\000n\000t\000a\000t\000i\000o\000n}{section.3.8}% 34
\BOOKMARK [3][-]{subsubsection.3.8.1.1}{\376\377\0003\000.\0008\000.\0001\000.\0001\000\040\000a\000c\000t\000\050\000\051}{subsection.3.8.1}% 35
\BOOKMARK [1][-]{section.3.9}{\376\377\0003\000.\0009\000\040\000c\000o\000m\000.\000d\000a\000r\000.\000f\000r\000e\000s\000h\000m\000a\000z\000e\000.\000l\000e\000v\000e\000l\000.\000E\000n\000e\000m\000y\000G\000e\000n\000e\000r\000a\000t\000o\000r\000\040\000C\000l\000a\000s\000s\000\040\000R\000e\000f\000e\000r\000e\000n\000c\000e}{chapter.3}% 36
\BOOKMARK [1][-]{section.3.10}{\376\377\0003\000.\0001\0000\000\040\000c\000o\000m\000.\000d\000a\000r\000.\000f\000r\000e\000s\000h\000m\000a\000z\000e\000.\000e\000n\000t\000i\000t\000i\000e\000s\000.\000E\000n\000t\000i\000t\000y\000\040\000C\000l\000a\000s\000s\000\040\000R\000e\000f\000e\000r\000e\000n\000c\000e}{chapter.3}% 37
\BOOKMARK [1][-]{section.3.11}{\376\377\0003\000.\0001\0001\000\040\000c\000o\000m\000.\000d\000a\000r\000.\000f\000r\000e\000s\000h\000m\000a\000z\000e\000.\000l\000e\000v\000e\000l\000.\000t\000i\000l\000e\000m\000a\000p\000.\000t\000i\000l\000e\000s\000.\000E\000n\000t\000r\000a\000n\000c\000e\000T\000i\000l\000e\000\040\000C\000l\000a\000s\000s\000\040\000R\000e\000f\000e\000r\000e\000n\000c\000e}{chapter.3}% 38
\BOOKMARK [1][-]{section.3.12}{\376\377\0003\000.\0001\0002\000\040\000c\000o\000m\000.\000d\000a\000r\000.\000f\000r\000e\000s\000h\000m\000a\000z\000e\000.\000l\000e\000v\000e\000l\000.\000t\000i\000l\000e\000m\000a\000p\000.\000r\000o\000o\000m\000s\000.\000F\000i\000n\000a\000l\000L\000e\000v\000e\000l\000R\000o\000o\000m\000\040\000C\000l\000a\000s\000s\000\040\000R\000e\000f\000e\000r\000e\000n\000c\000e}{chapter.3}% 39
\BOOKMARK [1][-]{section.3.13}{\376\377\0003\000.\0001\0003\000\040\000c\000o\000m\000.\000d\000a\000r\000.\000f\000r\000e\000s\000h\000m\000a\000z\000e\000.\000i\000n\000d\000i\000c\000a\000t\000o\000r\000.\000R\000e\000c\000t\000I\000n\000d\000i\000c\000a\000t\000o\000r\000.\000F\000l\000o\000a\000t\000R\000a\000n\000g\000e\000B\000i\000n\000d\000e\000r\000\040\000I\000n\000t\000e\000r\000f\000a\000c\000e\000\040\000R\000e\000f\000e\000r\000e\000n\000c\000e}{chapter.3}% 40
\BOOKMARK [1][-]{section.3.14}{\376\377\0003\000.\0001\0004\000\040\000c\000o\000m\000.\000d\000a\000r\000.\000f\000r\000e\000s\000h\000m\000a\000z\000e\000.\000F\000r\000e\000s\000h\000m\000a\000z\000e\000G\000a\000m\000e\000\040\000C\000l\000a\000s\000s\000\040\000R\000e\000f\000e\000r\000e\000n\000c\000e}{chapter.3}% 41
\BOOKMARK [1][-]{section.3.15}{\376\377\0003\000.\0001\0005\000\040\000c\000o\000m\000.\000d\000a\000r\000.\000f\000r\000e\000s\000h\000m\000a\000z\000e\000.\000s\000c\000r\000e\000e\000n\000s\000.\000G\000a\000m\000e\000S\000c\000r\000e\000e\000n\000\040\000C\000l\000a\000s\000s\000\040\000R\000e\000f\000e\000r\000e\000n\000c\000e}{chapter.3}% 42
\BOOKMARK [1][-]{section.3.16}{\376\377\0003\000.\0001\0006\000\040\000c\000o\000m\000.\000d\000a\000r\000.\000f\000r\000e\000s\000h\000m\000a\000z\000e\000.\000c\000o\000m\000m\000o\000n\000.\000G\000r\000a\000p\000h\000<\000\040\000V\000e\000r\000t\000e\000x\000T\000,\000\040\000E\000d\000g\000e\000T\000\040\000>\000\040\000C\000l\000a\000s\000s\000\040\000T\000e\000m\000p\000l\000a\000t\000e\000\040\000R\000e\000f\000e\000r\000e\000n\000c\000e}{chapter.3}% 43
\BOOKMARK [1][-]{section.3.17}{\376\377\0003\000.\0001\0007\000\040\000c\000o\000m\000.\000d\000a\000r\000.\000f\000r\000e\000s\000h\000m\000a\000z\000e\000.\000e\000n\000t\000i\000t\000i\000e\000s\000.\000H\000e\000a\000l\000t\000h\000B\000o\000n\000u\000s\000\040\000C\000l\000a\000s\000s\000\040\000R\000e\000f\000e\000r\000e\000n\000c\000e}{chapter.3}% 44
\BOOKMARK [2][-]{subsection.3.17.1}{\376\377\0003\000.\0001\0007\000.\0001\000\040\000M\000e\000m\000b\000e\000r\000\040\000F\000u\000n\000c\000t\000i\000o\000n\000\040\000D\000o\000c\000u\000m\000e\000n\000t\000a\000t\000i\000o\000n}{section.3.17}% 45
\BOOKMARK [3][-]{subsubsection.3.17.1.1}{\376\377\0003\000.\0001\0007\000.\0001\000.\0001\000\040\000d\000r\000a\000w\000\050\000\051}{subsection.3.17.1}% 46
\BOOKMARK [1][-]{section.3.18}{\376\377\0003\000.\0001\0008\000\040\000c\000o\000m\000.\000d\000a\000r\000.\000f\000r\000e\000s\000h\000m\000a\000z\000e\000.\000u\000t\000i\000l\000.\000I\000s\000o\000m\000e\000t\000r\000i\000c\000U\000t\000i\000l\000\040\000C\000l\000a\000s\000s\000\040\000R\000e\000f\000e\000r\000e\000n\000c\000e}{chapter.3}% 47
\BOOKMARK [2][-]{subsection.3.18.1}{\376\377\0003\000.\0001\0008\000.\0001\000\040\000D\000e\000t\000a\000i\000l\000e\000d\000\040\000D\000e\000s\000c\000r\000i\000p\000t\000i\000o\000n}{section.3.18}% 48
\BOOKMARK [2][-]{subsection.3.18.2}{\376\377\0003\000.\0001\0008\000.\0002\000\040\000M\000e\000m\000b\000e\000r\000\040\000F\000u\000n\000c\000t\000i\000o\000n\000\040\000D\000o\000c\000u\000m\000e\000n\000t\000a\000t\000i\000o\000n}{section.3.18}% 49
\BOOKMARK [3][-]{subsubsection.3.18.2.1}{\376\377\0003\000.\0001\0008\000.\0002\000.\0001\000\040\000c\000a\000r\000t\000T\000o\000I\000s\000o\000\050\000\051}{subsection.3.18.2}% 50
\BOOKMARK [3][-]{subsubsection.3.18.2.2}{\376\377\0003\000.\0001\0008\000.\0002\000.\0002\000\040\000i\000s\000o\000T\000o\000C\000a\000r\000t\000\050\000\051}{subsection.3.18.2}% 51
\BOOKMARK [2][-]{subsection.3.18.3}{\376\377\0003\000.\0001\0008\000.\0003\000\040\000M\000e\000m\000b\000e\000r\000\040\000D\000a\000t\000a\000\040\000D\000o\000c\000u\000m\000e\000n\000t\000a\000t\000i\000o\000n}{section.3.18}% 52
\BOOKMARK [3][-]{subsubsection.3.18.3.1}{\376\377\0003\000.\0001\0008\000.\0003\000.\0001\000\040\000I\000S\000O\000\137\000T\000R\000A\000N\000S\000F\000O\000R\000M\000A\000T\000I\000O\000N\000\137\000M\000A\000T\000R\000I\000X}{subsection.3.18.3}% 53
\BOOKMARK [1][-]{section.3.19}{\376\377\0003\000.\0001\0009\000\040\000c\000o\000m\000.\000d\000a\000r\000.\000f\000r\000e\000s\000h\000m\000a\000z\000e\000.\000l\000e\000v\000e\000l\000.\000b\000i\000t\000m\000a\000p\000.\000L\000e\000v\000e\000l\000B\000i\000t\000m\000a\000p\000.\000C\000e\000l\000l\000.\000K\000i\000n\000d\000\040\000E\000n\000u\000m\000\040\000R\000e\000f\000e\000r\000e\000n\000c\000e}{chapter.3}% 54
\BOOKMARK [1][-]{section.3.20}{\376\377\0003\000.\0002\0000\000\040\000c\000o\000m\000.\000d\000a\000r\000.\000f\000r\000e\000s\000h\000m\000a\000z\000e\000.\000l\000e\000v\000e\000l\000.\000t\000i\000l\000e\000m\000a\000p\000.\000L\000e\000v\000e\000l\000T\000i\000l\000e\000m\000a\000p\000.\000L\000a\000y\000e\000r\000\040\000E\000n\000u\000m\000\040\000R\000e\000f\000e\000r\000e\000n\000c\000e}{chapter.3}% 55
\BOOKMARK [1][-]{section.3.21}{\376\377\0003\000.\0002\0001\000\040\000c\000o\000m\000.\000d\000a\000r\000.\000f\000r\000e\000s\000h\000m\000a\000z\000e\000.\000l\000e\000v\000e\000l\000.\000L\000e\000v\000e\000l\000\040\000C\000l\000a\000s\000s\000\040\000R\000e\000f\000e\000r\000e\000n\000c\000e}{chapter.3}% 56
\BOOKMARK [1][-]{section.3.22}{\376\377\0003\000.\0002\0002\000\040\000c\000o\000m\000.\000d\000a\000r\000.\000f\000r\000e\000s\000h\000m\000a\000z\000e\000.\000l\000e\000v\000e\000l\000.\000b\000i\000t\000m\000a\000p\000.\000L\000e\000v\000e\000l\000B\000i\000t\000m\000a\000p\000\040\000C\000l\000a\000s\000s\000\040\000R\000e\000f\000e\000r\000e\000n\000c\000e}{chapter.3}% 57
\BOOKMARK [1][-]{section.3.23}{\376\377\0003\000.\0002\0003\000\040\000c\000o\000m\000.\000d\000a\000r\000.\000f\000r\000e\000s\000h\000m\000a\000z\000e\000.\000l\000e\000v\000e\000l\000.\000g\000r\000a\000p\000h\000.\000L\000e\000v\000e\000l\000G\000r\000a\000p\000h\000\040\000C\000l\000a\000s\000s\000\040\000R\000e\000f\000e\000r\000e\000n\000c\000e}{chapter.3}% 58
\BOOKMARK [2][-]{subsection.3.23.1}{\376\377\0003\000.\0002\0003\000.\0001\000\040\000D\000e\000t\000a\000i\000l\000e\000d\000\040\000D\000e\000s\000c\000r\000i\000p\000t\000i\000o\000n}{section.3.23}% 59
\BOOKMARK [2][-]{subsection.3.23.2}{\376\377\0003\000.\0002\0003\000.\0002\000\040\000M\000e\000m\000b\000e\000r\000\040\000F\000u\000n\000c\000t\000i\000o\000n\000\040\000D\000o\000c\000u\000m\000e\000n\000t\000a\000t\000i\000o\000n}{section.3.23}% 60
\BOOKMARK [3][-]{subsubsection.3.23.2.1}{\376\377\0003\000.\0002\0003\000.\0002\000.\0001\000\040\000g\000e\000n\000e\000r\000a\000t\000e\000\050\000\051}{subsection.3.23.2}% 61
\BOOKMARK [1][-]{section.3.24}{\376\377\0003\000.\0002\0004\000\040\000c\000o\000m\000.\000d\000a\000r\000.\000f\000r\000e\000s\000h\000m\000a\000z\000e\000.\000l\000e\000v\000e\000l\000.\000g\000r\000a\000p\000h\000.\000L\000e\000v\000e\000l\000N\000o\000d\000e\000\040\000C\000l\000a\000s\000s\000\040\000R\000e\000f\000e\000r\000e\000n\000c\000e}{chapter.3}% 62
\BOOKMARK [1][-]{section.3.25}{\376\377\0003\000.\0002\0005\000\040\000c\000o\000m\000.\000d\000a\000r\000.\000f\000r\000e\000s\000h\000m\000a\000z\000e\000.\000l\000e\000v\000e\000l\000.\000g\000r\000a\000p\000h\000.\000L\000e\000v\000e\000l\000N\000o\000d\000e\000G\000e\000n\000e\000r\000a\000t\000i\000o\000n\000R\000u\000l\000e\000s\000\040\000C\000l\000a\000s\000s\000\040\000R\000e\000f\000e\000r\000e\000n\000c\000e}{chapter.3}% 63
\BOOKMARK [1][-]{section.3.26}{\376\377\0003\000.\0002\0006\000\040\000c\000o\000m\000.\000d\000a\000r\000.\000f\000r\000e\000s\000h\000m\000a\000z\000e\000.\000l\000e\000v\000e\000l\000.\000g\000r\000a\000p\000h\000.\000L\000e\000v\000e\000l\000N\000o\000d\000e\000G\000e\000n\000e\000r\000a\000t\000o\000r\000\040\000C\000l\000a\000s\000s\000\040\000R\000e\000f\000e\000r\000e\000n\000c\000e}{chapter.3}% 64
\BOOKMARK [1][-]{section.3.27}{\376\377\0003\000.\0002\0007\000\040\000c\000o\000m\000.\000d\000a\000r\000.\000f\000r\000e\000s\000h\000m\000a\000z\000e\000.\000l\000e\000v\000e\000l\000.\000t\000i\000l\000e\000m\000a\000p\000.\000r\000o\000o\000m\000s\000.\000L\000e\000v\000e\000l\000R\000o\000o\000m\000\040\000C\000l\000a\000s\000s\000\040\000R\000e\000f\000e\000r\000e\000n\000c\000e}{chapter.3}% 65
\BOOKMARK [1][-]{section.3.28}{\376\377\0003\000.\0002\0008\000\040\000c\000o\000m\000.\000d\000a\000r\000.\000f\000r\000e\000s\000h\000m\000a\000z\000e\000.\000l\000e\000v\000e\000l\000.\000t\000i\000l\000e\000m\000a\000p\000.\000L\000e\000v\000e\000l\000T\000i\000l\000e\000m\000a\000p\000\040\000C\000l\000a\000s\000s\000\040\000R\000e\000f\000e\000r\000e\000n\000c\000e}{chapter.3}% 66
\BOOKMARK [2][-]{subsection.3.28.1}{\376\377\0003\000.\0002\0008\000.\0001\000\040\000D\000e\000t\000a\000i\000l\000e\000d\000\040\000D\000e\000s\000c\000r\000i\000p\000t\000i\000o\000n}{section.3.28}% 67
\BOOKMARK [2][-]{subsection.3.28.2}{\376\377\0003\000.\0002\0008\000.\0002\000\040\000C\000o\000n\000s\000t\000r\000u\000c\000t\000o\000r\000\040\000\046\000\040\000D\000e\000s\000t\000r\000u\000c\000t\000o\000r\000\040\000D\000o\000c\000u\000m\000e\000n\000t\000a\000t\000i\000o\000n}{section.3.28}% 68
\BOOKMARK [3][-]{subsubsection.3.28.2.1}{\376\377\0003\000.\0002\0008\000.\0002\000.\0001\000\040\000L\000e\000v\000e\000l\000T\000i\000l\000e\000m\000a\000p\000\050\000\051}{subsection.3.28.2}% 69
\BOOKMARK [1][-]{section.3.29}{\376\377\0003\000.\0002\0009\000\040\000c\000o\000m\000.\000d\000a\000r\000.\000f\000r\000e\000s\000h\000m\000a\000z\000e\000.\000e\000n\000t\000i\000t\000i\000e\000s\000.\000P\000h\000y\000s\000A\000c\000t\000o\000r\000\040\000C\000l\000a\000s\000s\000\040\000R\000e\000f\000e\000r\000e\000n\000c\000e}{chapter.3}% 70
\BOOKMARK [1][-]{section.3.30}{\376\377\0003\000.\0003\0000\000\040\000c\000o\000m\000.\000d\000a\000r\000.\000f\000r\000e\000s\000h\000m\000a\000z\000e\000.\000u\000t\000i\000l\000.\000R\000e\000c\000t\000a\000n\000g\000l\000e\000U\000t\000i\000l\000\040\000C\000l\000a\000s\000s\000\040\000R\000e\000f\000e\000r\000e\000n\000c\000e}{chapter.3}% 71
\BOOKMARK [2][-]{subsection.3.30.1}{\376\377\0003\000.\0003\0000\000.\0001\000\040\000M\000e\000m\000b\000e\000r\000\040\000F\000u\000n\000c\000t\000i\000o\000n\000\040\000D\000o\000c\000u\000m\000e\000n\000t\000a\000t\000i\000o\000n}{section.3.30}% 72
\BOOKMARK [3][-]{subsubsection.3.30.1.1}{\376\377\0003\000.\0003\0000\000.\0001\000.\0001\000\040\000e\000x\000p\000a\000n\000d\000\050\000\051}{subsection.3.30.1}% 73
\BOOKMARK [3][-]{subsubsection.3.30.1.2}{\376\377\0003\000.\0003\0000\000.\0001\000.\0002\000\040\000n\000o\000r\000m\000a\000l\000i\000z\000e\000\050\000\051}{subsection.3.30.1}% 74
\BOOKMARK [3][-]{subsubsection.3.30.1.3}{\376\377\0003\000.\0003\0000\000.\0001\000.\0003\000\040\000s\000h\000r\000i\000n\000k\000\050\000\051}{subsection.3.30.1}% 75
\BOOKMARK [1][-]{section.3.31}{\376\377\0003\000.\0003\0001\000\040\000c\000o\000m\000.\000d\000a\000r\000.\000f\000r\000e\000s\000h\000m\000a\000z\000e\000.\000i\000n\000d\000i\000c\000a\000t\000o\000r\000.\000R\000e\000c\000t\000I\000n\000d\000i\000c\000a\000t\000o\000r\000\040\000C\000l\000a\000s\000s\000\040\000R\000e\000f\000e\000r\000e\000n\000c\000e}{chapter.3}% 76
\BOOKMARK [1][-]{section.3.32}{\376\377\0003\000.\0003\0002\000\040\000c\000o\000m\000.\000d\000a\000r\000.\000f\000r\000e\000s\000h\000m\000a\000z\000e\000.\000u\000i\000.\000S\000c\000r\000e\000e\000n\000T\000r\000a\000n\000s\000i\000t\000i\000o\000n\000\040\000C\000l\000a\000s\000s\000\040\000R\000e\000f\000e\000r\000e\000n\000c\000e}{chapter.3}% 77
\BOOKMARK [1][-]{section.3.33}{\376\377\0003\000.\0003\0003\000\040\000c\000o\000m\000.\000d\000a\000r\000.\000f\000r\000e\000s\000h\000m\000a\000z\000e\000.\000l\000e\000v\000e\000l\000.\000t\000i\000l\000e\000m\000a\000p\000.\000S\000o\000r\000t\000e\000d\000I\000s\000o\000m\000e\000t\000r\000i\000c\000T\000i\000l\000e\000d\000M\000a\000p\000R\000e\000n\000d\000e\000r\000e\000r\000\040\000C\000l\000a\000s\000s\000\040\000R\000e\000f\000e\000r\000e\000n\000c\000e}{chapter.3}% 78
\BOOKMARK [2][-]{subsection.3.33.1}{\376\377\0003\000.\0003\0003\000.\0001\000\040\000D\000e\000t\000a\000i\000l\000e\000d\000\040\000D\000e\000s\000c\000r\000i\000p\000t\000i\000o\000n}{section.3.33}% 79
\BOOKMARK [1][-]{section.3.34}{\376\377\0003\000.\0003\0004\000\040\000c\000o\000m\000.\000d\000a\000r\000.\000f\000r\000e\000s\000h\000m\000a\000z\000e\000.\000l\000e\000v\000e\000l\000.\000t\000i\000l\000e\000m\000a\000p\000.\000r\000o\000o\000m\000s\000.\000S\000p\000a\000w\000n\000L\000e\000v\000e\000l\000R\000o\000o\000m\000\040\000C\000l\000a\000s\000s\000\040\000R\000e\000f\000e\000r\000e\000n\000c\000e}{chapter.3}% 80
\BOOKMARK [1][-]{section.3.35}{\376\377\0003\000.\0003\0005\000\040\000c\000o\000m\000.\000d\000a\000r\000.\000f\000r\000e\000s\000h\000m\000a\000z\000e\000.\000l\000e\000v\000e\000l\000.\000t\000i\000l\000e\000m\000a\000p\000.\000S\000p\000i\000k\000e\000G\000e\000n\000e\000r\000a\000t\000o\000r\000\040\000C\000l\000a\000s\000s\000\040\000R\000e\000f\000e\000r\000e\000n\000c\000e}{chapter.3}% 81
\BOOKMARK [1][-]{section.3.36}{\376\377\0003\000.\0003\0006\000\040\000c\000o\000m\000.\000d\000a\000r\000.\000f\000r\000e\000s\000h\000m\000a\000z\000e\000.\000l\000e\000v\000e\000l\000.\000t\000i\000l\000e\000m\000a\000p\000.\000t\000i\000l\000e\000s\000.\000S\000p\000i\000k\000e\000s\000T\000i\000l\000e\000\040\000C\000l\000a\000s\000s\000\040\000R\000e\000f\000e\000r\000e\000n\000c\000e}{chapter.3}% 82
\BOOKMARK [1][-]{section.3.37}{\376\377\0003\000.\0003\0007\000\040\000c\000o\000m\000.\000d\000a\000r\000.\000f\000r\000e\000s\000h\000m\000a\000z\000e\000.\000e\000n\000t\000i\000t\000i\000e\000s\000.\000E\000n\000t\000i\000t\000y\000.\000S\000p\000r\000i\000t\000e\000K\000i\000n\000d\000\040\000E\000n\000u\000m\000\040\000R\000e\000f\000e\000r\000e\000n\000c\000e}{chapter.3}% 83
\BOOKMARK [1][-]{section.3.38}{\376\377\0003\000.\0003\0008\000\040\000c\000o\000m\000.\000d\000a\000r\000.\000f\000r\000e\000s\000h\000m\000a\000z\000e\000.\000l\000e\000v\000e\000l\000.\000t\000i\000l\000e\000m\000a\000p\000.\000t\000i\000l\000e\000s\000.\000E\000n\000t\000r\000a\000n\000c\000e\000T\000i\000l\000e\000.\000S\000t\000a\000t\000e\000\040\000E\000n\000u\000m\000\040\000R\000e\000f\000e\000r\000e\000n\000c\000e}{chapter.3}% 84
\BOOKMARK [1][-]{section.3.39}{\376\377\0003\000.\0003\0009\000\040\000c\000o\000m\000.\000d\000a\000r\000.\000f\000r\000e\000s\000h\000m\000a\000z\000e\000.\000l\000e\000v\000e\000l\000.\000t\000i\000l\000e\000m\000a\000p\000.\000t\000i\000l\000e\000s\000.\000T\000e\000l\000e\000p\000o\000r\000t\000T\000i\000l\000e\000\040\000C\000l\000a\000s\000s\000\040\000R\000e\000f\000e\000r\000e\000n\000c\000e}{chapter.3}% 85
\BOOKMARK [2][-]{subsection.3.39.1}{\376\377\0003\000.\0003\0009\000.\0001\000\040\000M\000e\000m\000b\000e\000r\000\040\000F\000u\000n\000c\000t\000i\000o\000n\000\040\000D\000o\000c\000u\000m\000e\000n\000t\000a\000t\000i\000o\000n}{section.3.39}% 86
\BOOKMARK [3][-]{subsubsection.3.39.1.1}{\376\377\0003\000.\0003\0009\000.\0001\000.\0001\000\040\000i\000n\000t\000e\000r\000a\000c\000t\000\050\000\051}{subsection.3.39.1}% 87
\BOOKMARK [1][-]{section.3.40}{\376\377\0003\000.\0004\0000\000\040\000c\000o\000m\000.\000d\000a\000r\000.\000f\000r\000e\000s\000h\000m\000a\000z\000e\000.\000u\000t\000i\000l\000.\000T\000i\000m\000e\000U\000t\000i\000l\000\040\000C\000l\000a\000s\000s\000\040\000R\000e\000f\000e\000r\000e\000n\000c\000e}{chapter.3}% 88
\BOOKMARK [1][-]{section.3.41}{\376\377\0003\000.\0004\0001\000\040\000c\000o\000m\000.\000d\000a\000r\000.\000f\000r\000e\000s\000h\000m\000a\000z\000e\000.\000u\000i\000.\000S\000c\000r\000e\000e\000n\000T\000r\000a\000n\000s\000i\000t\000i\000o\000n\000.\000T\000r\000a\000n\000s\000i\000t\000i\000o\000n\000C\000a\000l\000l\000b\000a\000c\000k\000\040\000I\000n\000t\000e\000r\000f\000a\000c\000e\000\040\000R\000e\000f\000e\000r\000e\000n\000c\000e}{chapter.3}% 89
\BOOKMARK [1][-]{section.3.42}{\376\377\0003\000.\0004\0002\000\040\000c\000o\000m\000.\000d\000a\000r\000.\000f\000r\000e\000s\000h\000m\000a\000z\000e\000.\000w\000o\000r\000l\000d\000.\000W\000o\000r\000l\000d\000C\000o\000n\000t\000a\000c\000t\000L\000i\000s\000t\000e\000n\000e\000r\000\040\000C\000l\000a\000s\000s\000\040\000R\000e\000f\000e\000r\000e\000n\000c\000e}{chapter.3}% 90
